<?xml version="1.0" encoding="UTF-8"?>
<testng-results ignored="0" total="2" passed="2" failed="0" skipped="0">
  <reporter-output>
    <line>
      <![CDATA[setting browser as chrome]]>
    </line>
    <line>
      <![CDATA[closing browser]]>
    </line>
    <line>
      <![CDATA[setting browser as chrome]]>
    </line>
    <line>
      <![CDATA[Pincode error message is: Please enter a valid pincode]]>
    </line>
    <line>
      <![CDATA[Mobile number error message is: Please enter a valid mobile no.]]>
    </line>
    <line>
      <![CDATA[pin error message validation is completed]]>
    </line>
    <line>
      <![CDATA[mobile number error message validation is completed]]>
    </line>
    <line>
      <![CDATA[closing browser]]>
    </line>
  </reporter-output>
  <suite started-at="2025-11-08T11:14:36 IST" name="Suite" finished-at="2025-11-08T11:15:29 IST" duration-ms="52765">
    <groups>
      <group name="cucumber">
        <method signature="AbstractTestNGCucumberTests.runScenario(io.cucumber.testng.PickleWrapper,io.cucumber.testng.FeatureWrapper)[pri:0, instance:runner.HealthInsuranceRunner@14cd1699]" name="runScenario" class="io.cucumber.testng.AbstractTestNGCucumberTests"/>
      </group> <!-- cucumber -->
    </groups>
    <test started-at="2025-11-08T11:14:36 IST" name="Test" finished-at="2025-11-08T11:15:29 IST" duration-ms="52765">
      <class name="runner.HealthInsuranceRunner">
        <test-method is-config="true" signature="setUpClass(org.testng.ITestContext)[pri:0, instance:runner.HealthInsuranceRunner@14cd1699]" started-at="2025-11-08T11:14:36 IST" name="setUpClass" finished-at="2025-11-08T11:14:37 IST" duration-ms="1290" status="PASS">
          <params>
            <param index="0">
              <value>
                <![CDATA[org.testng.TestRunner@575e572f]]>
              </value>
            </param>
          </params>
          <reporter-output>
          </reporter-output>
        </test-method> <!-- setUpClass -->
        <test-method signature="runScenario(io.cucumber.testng.PickleWrapper,io.cucumber.testng.FeatureWrapper)[pri:0, instance:runner.HealthInsuranceRunner@14cd1699]" started-at="2025-11-08T11:14:37 IST" name="runScenario" description="Runs Cucumber Scenarios" data-provider="scenarios" finished-at="2025-11-08T11:15:06 IST" duration-ms="28329" status="PASS">
          <params>
            <param index="0">
              <value>
                <![CDATA["TC01: Validate Health Insurance Plan for single person"]]>
              </value>
            </param>
            <param index="1">
              <value>
                <![CDATA["Coverfox Health Insurance Plans"]]>
              </value>
            </param>
          </params>
          <reporter-output>
            <line>
              <![CDATA[setting browser as chrome]]>
            </line>
            <line>
              <![CDATA[closing browser]]>
            </line>
          </reporter-output>
        </test-method> <!-- runScenario -->
        <test-method signature="runScenario(io.cucumber.testng.PickleWrapper,io.cucumber.testng.FeatureWrapper)[pri:0, instance:runner.HealthInsuranceRunner@14cd1699]" started-at="2025-11-08T11:15:06 IST" name="runScenario" description="Runs Cucumber Scenarios" data-provider="scenarios" finished-at="2025-11-08T11:15:26 IST" duration-ms="19897" status="PASS">
          <params>
            <param index="0">
              <value>
                <![CDATA["TC02: Validate CoverFox Address Details Page"]]>
              </value>
            </param>
            <param index="1">
              <value>
                <![CDATA["Coverfox Health Insurance Plans"]]>
              </value>
            </param>
          </params>
          <reporter-output>
            <line>
              <![CDATA[setting browser as chrome]]>
            </line>
            <line>
              <![CDATA[Pincode error message is: Please enter a valid pincode]]>
            </line>
            <line>
              <![CDATA[Mobile number error message is: Please enter a valid mobile no.]]>
            </line>
            <line>
              <![CDATA[pin error message validation is completed]]>
            </line>
            <line>
              <![CDATA[mobile number error message validation is completed]]>
            </line>
            <line>
              <![CDATA[closing browser]]>
            </line>
          </reporter-output>
        </test-method> <!-- runScenario -->
        <test-method is-config="true" signature="tearDownClass()[pri:0, instance:runner.HealthInsuranceRunner@14cd1699]" started-at="2025-11-08T11:15:26 IST" name="tearDownClass" finished-at="2025-11-08T11:15:29 IST" duration-ms="3144" status="PASS">
          <reporter-output>
          </reporter-output>
        </test-method> <!-- tearDownClass -->
      </class> <!-- runner.HealthInsuranceRunner -->
    </test> <!-- Test -->
  </suite> <!-- Suite -->
</testng-results>
