<?xml version="1.0" encoding="UTF-8"?>
<testng-results ignored="0" total="2" passed="2" failed="0" skipped="0">
  <reporter-output>
    <line>
      <![CDATA[setting browser as chrome]]>
    </line>
    <line>
      <![CDATA[closing browser]]>
    </line>
    <line>
      <![CDATA[setting browser as chrome]]>
    </line>
    <line>
      <![CDATA[Pincode error message is: Please enter a valid pincode]]>
    </line>
    <line>
      <![CDATA[Mobile number error message is: Please enter a valid mobile no.]]>
    </line>
    <line>
      <![CDATA[pin error message validation is completed]]>
    </line>
    <line>
      <![CDATA[mobile number error message validation is completed]]>
    </line>
    <line>
      <![CDATA[closing browser]]>
    </line>
  </reporter-output>
  <suite started-at="2025-11-12T16:08:42 IST" name="Suite" finished-at="2025-11-12T16:09:43 IST" duration-ms="61786">
    <groups>
      <group name="cucumber">
        <method signature="AbstractTestNGCucumberTests.runScenario(io.cucumber.testng.PickleWrapper,io.cucumber.testng.FeatureWrapper)[pri:0, instance:runner.HealthInsuranceRunner@47eaca72]" name="runScenario" class="io.cucumber.testng.AbstractTestNGCucumberTests"/>
      </group> <!-- cucumber -->
    </groups>
    <test started-at="2025-11-12T16:08:42 IST" name="Test" finished-at="2025-11-12T16:09:43 IST" duration-ms="61786">
      <class name="runner.HealthInsuranceRunner">
        <test-method is-config="true" signature="setUpClass(org.testng.ITestContext)[pri:0, instance:runner.HealthInsuranceRunner@47eaca72]" started-at="2025-11-12T16:08:42 IST" name="setUpClass" finished-at="2025-11-12T16:08:42 IST" duration-ms="579" status="PASS">
          <params>
            <param index="0">
              <value>
                <![CDATA[org.testng.TestRunner@2ae62bb6]]>
              </value>
            </param>
          </params>
          <reporter-output>
          </reporter-output>
        </test-method> <!-- setUpClass -->
        <test-method signature="runScenario(io.cucumber.testng.PickleWrapper,io.cucumber.testng.FeatureWrapper)[pri:0, instance:runner.HealthInsuranceRunner@47eaca72]" started-at="2025-11-12T16:08:42 IST" name="runScenario" description="Runs Cucumber Scenarios" data-provider="scenarios" finished-at="2025-11-12T16:09:19 IST" duration-ms="36475" status="PASS">
          <params>
            <param index="0">
              <value>
                <![CDATA["TC01: Validate Health Insurance Plan for single person"]]>
              </value>
            </param>
            <param index="1">
              <value>
                <![CDATA["Coverfox Health Insurance Plans"]]>
              </value>
            </param>
          </params>
          <reporter-output>
            <line>
              <![CDATA[setting browser as chrome]]>
            </line>
            <line>
              <![CDATA[closing browser]]>
            </line>
          </reporter-output>
        </test-method> <!-- runScenario -->
        <test-method signature="runScenario(io.cucumber.testng.PickleWrapper,io.cucumber.testng.FeatureWrapper)[pri:0, instance:runner.HealthInsuranceRunner@47eaca72]" started-at="2025-11-12T16:09:19 IST" name="runScenario" description="Runs Cucumber Scenarios" data-provider="scenarios" finished-at="2025-11-12T16:09:40 IST" duration-ms="21747" status="PASS">
          <params>
            <param index="0">
              <value>
                <![CDATA["TC02: Validate CoverFox Address Details Page"]]>
              </value>
            </param>
            <param index="1">
              <value>
                <![CDATA["Coverfox Health Insurance Plans"]]>
              </value>
            </param>
          </params>
          <reporter-output>
            <line>
              <![CDATA[setting browser as chrome]]>
            </line>
            <line>
              <![CDATA[Pincode error message is: Please enter a valid pincode]]>
            </line>
            <line>
              <![CDATA[Mobile number error message is: Please enter a valid mobile no.]]>
            </line>
            <line>
              <![CDATA[pin error message validation is completed]]>
            </line>
            <line>
              <![CDATA[mobile number error message validation is completed]]>
            </line>
            <line>
              <![CDATA[closing browser]]>
            </line>
          </reporter-output>
        </test-method> <!-- runScenario -->
        <test-method is-config="true" signature="tearDownClass()[pri:0, instance:runner.HealthInsuranceRunner@47eaca72]" started-at="2025-11-12T16:09:40 IST" name="tearDownClass" finished-at="2025-11-12T16:09:43 IST" duration-ms="2935" status="PASS">
          <reporter-output>
          </reporter-output>
        </test-method> <!-- tearDownClass -->
      </class> <!-- runner.HealthInsuranceRunner -->
    </test> <!-- Test -->
  </suite> <!-- Suite -->
</testng-results>
