<?xml version="1.0" encoding="UTF-8"?>
<testsuite xmlns:xsi="http://www.w3.org/2001/XMLSchema-instance" xsi:noNamespaceSchemaLocation="https://maven.apache.org/surefire/maven-surefire-plugin/xsd/surefire-test-report.xsd" version="3.0.2" name="TestSuite" time="54.009" tests="2" errors="0" skipped="0" failures="0">
  <properties>
[...]
</properties>
  <testcase name="runScenario[&quot;TC01: Validate Health Insurance Plan for single person&quot;, &quot;Coverfox Health Insurance Plans&quot;](1)" classname="runner.HealthInsuranceRunner" time="28.331">
    <system-out><![CDATA[
&amp#27;[1mScenario:&amp#27;[22m TC01: Validate Health Insurance Plan for single person                                 &amp#27;[90m# file:///C:/Users/sai/eclipse-workspace/Coverfox_Demo/src/test/resources/coverFoxFeatures/coverfox.feature:3&amp#27;[39m
setting browser as chrome
I  am on home page
  &amp#27;[32m✔&amp#27;[39m &amp#27;[32m&amp#27;[1mGiven &amp#27;[22mI am on home page&amp#27;[39m                                                                      &amp#27;[90m# stepDefinitions.CoverFoxHealthInsurance.i_am_on_home_page()&amp#27;[39m
I click on get started button
Clicking on Get Started button Present in Home Page
  &amp#27;[32m✔&amp#27;[39m &amp#27;[32m&amp#27;[1mWhen &amp#27;[22mI click on get started button&amp#27;[39m                                                           &amp#27;[90m# stepDefinitions.CoverFoxHealthInsurance.i_click_on_get_started_button()&amp#27;[39m
I click on next button
Clicking on Next button present in Health Plan Page
  &amp#27;[32m✔&amp#27;[39m &amp#27;[32m&amp#27;[1mAnd &amp#27;[22mI click on next button&amp#27;[39m                                                                   &amp#27;[90m# stepDefinitions.CoverFoxHealthInsurance.i_click_on_next_button()&amp#27;[39m
I provide age into the age dropdown as {string} and i click on next button
handling dropdown value is 25
Clicking on Next button present in Member Details Page
  &amp#27;[32m✔&amp#27;[39m &amp#27;[32m&amp#27;[1mAnd &amp#27;[22mI provide age into the age dropdown as &amp#27;[1m"25"&amp#27;[22m and i click on next button&amp#27;[39m                   &amp#27;[90m# stepDefinitions.CoverFoxHealthInsurance.i_provide_age_into_the_age_dropdown_as_and_i_click_on_next_button(java.lang.String)&amp#27;[39m
I enter pincode as {string}, mobileNumber as {string} and i click on continue button
Entering Pincode into pincode field present in Address Details Page
Entering Mobile Number into mobile number field present in Address Details Page
clicking on Continue Button present in Address Details Page
  &amp#27;[32m✔&amp#27;[39m &amp#27;[32m&amp#27;[1mAnd &amp#27;[22mI enter pincode as &amp#27;[1m"414003"&amp#27;[22m, mobileNumber as &amp#27;[1m"8888888888"&amp#27;[22m and i click on continue button&amp#27;[39m &amp#27;[90m# stepDefinitions.CoverFoxHealthInsurance.i_enter_pincode_as_mobile_number_as_and_i_click_on_continue_button(java.lang.String,java.lang.String)&amp#27;[39m
matching health insurance plans should be displayed as 48
fetching matching result
  &amp#27;[32m✔&amp#27;[39m &amp#27;[32m&amp#27;[1mThen &amp#27;[22mMatching Health Insurance Plans should be displayed as &amp#27;[1m"48"&amp#27;[22m&amp#27;[39m                             &amp#27;[90m# stepDefinitions.CoverFoxHealthInsurance.matching_health_insurance_plans_should_be_displayed_as(java.lang.String)&amp#27;[39m
closing browser
]]></system-out>
    <system-err><![CDATA[SLF4J(W): No SLF4J providers were found.
SLF4J(W): Defaulting to no-operation (NOP) logger implementation
SLF4J(W): See https://www.slf4j.org/codes.html#noProviders for further details.
Nov 08, 2025 11:14:42 AM org.openqa.selenium.devtools.CdpVersionFinder findNearestMatch
WARNING: Unable to find an exact match for CDP version 141, returning the closest version; found: 140; Please update to a Selenium version that supports CDP version 141
]]></system-err>
  </testcase>
  <testcase name="runScenario[&quot;TC02: Validate CoverFox Address Details Page&quot;, &quot;Coverfox Health Insurance Plans&quot;](2)" classname="runner.HealthInsuranceRunner" time="19.89">
    <system-out><![CDATA[
&amp#27;[1mScenario:&amp#27;[22m TC02: Validate CoverFox Address Details Page                         &amp#27;[90m# file:///C:/Users/sai/eclipse-workspace/Coverfox_Demo/src/test/resources/coverFoxFeatures/coverfox.feature:12&amp#27;[39m
setting browser as chrome
I  am on home page
  &amp#27;[32m✔&amp#27;[39m &amp#27;[32m&amp#27;[1mGiven &amp#27;[22mI am on home page&amp#27;[39m                                                    &amp#27;[90m# stepDefinitions.CoverFoxHealthInsurance.i_am_on_home_page()&amp#27;[39m
I click on get started button
Clicking on Get Started button Present in Home Page
  &amp#27;[32m✔&amp#27;[39m &amp#27;[32m&amp#27;[1mWhen &amp#27;[22mI click on get started button&amp#27;[39m                                         &amp#27;[90m# stepDefinitions.CoverFoxHealthInsurance.i_click_on_get_started_button()&amp#27;[39m
I click on next button
Clicking on Next button present in Health Plan Page
  &amp#27;[32m✔&amp#27;[39m &amp#27;[32m&amp#27;[1mAnd &amp#27;[22mI click on next button&amp#27;[39m                                                 &amp#27;[90m# stepDefinitions.CoverFoxHealthInsurance.i_click_on_next_button()&amp#27;[39m
I provide age into the age dropdown as {string} and i click on next button
handling dropdown value is 25
Clicking on Next button present in Member Details Page
  &amp#27;[32m✔&amp#27;[39m &amp#27;[32m&amp#27;[1mAnd &amp#27;[22mI provide age into the age dropdown as &amp#27;[1m"25"&amp#27;[22m and i click on next button&amp#27;[39m &amp#27;[90m# stepDefinitions.CoverFoxHealthInsurance.i_provide_age_into_the_age_dropdown_as_and_i_click_on_next_button(java.lang.String)&amp#27;[39m
clicking on Continue Button present in Address Details Page
  &amp#27;[32m✔&amp#27;[39m &amp#27;[32m&amp#27;[1mAnd &amp#27;[22mI click on continue button&amp#27;[39m                                             &amp#27;[90m# stepDefinitions.CoverFoxHealthInsurance.i_click_on_continue_button()&amp#27;[39m
Pincode error message is: Please enter a valid pincode
Mobile number error message is: Please enter a valid mobile no.
pin error message validation is completed
mobile number error message validation is completed
  &amp#27;[32m✔&amp#27;[39m &amp#27;[32m&amp#27;[1mThen &amp#27;[22mValidate error message&amp#27;[39m                                                &amp#27;[90m# stepDefinitions.CoverFoxHealthInsurance.validate_error_message()&amp#27;[39m
closing browser
]]></system-out>
    <system-err><![CDATA[Nov 08, 2025 11:15:07 AM org.openqa.selenium.devtools.CdpVersionFinder findNearestMatch
WARNING: Unable to find an exact match for CDP version 141, returning the closest version; found: 140; Please update to a Selenium version that supports CDP version 141
]]></system-err>
  </testcase>
</testsuite>