<?xml version="1.0" encoding="UTF-8"?>
<testng-results ignored="0" total="2" passed="2" failed="0" skipped="0">
  <reporter-output>
    <line>
      <![CDATA[setting browser as chrome]]>
    </line>
    <line>
      <![CDATA[closing browser]]>
    </line>
    <line>
      <![CDATA[setting browser as chrome]]>
    </line>
    <line>
      <![CDATA[Pincode error message is: Please enter a valid pincode]]>
    </line>
    <line>
      <![CDATA[Mobile number error message is: Please enter a valid mobile no.]]>
    </line>
    <line>
      <![CDATA[pin error message validation is completed]]>
    </line>
    <line>
      <![CDATA[mobile number error message validation is completed]]>
    </line>
    <line>
      <![CDATA[closing browser]]>
    </line>
  </reporter-output>
  <suite started-at="2025-11-12T15:07:55 IST" name="Default suite" finished-at="2025-11-12T15:08:44 IST" duration-ms="49360">
    <groups>
      <group name="cucumber">
        <method signature="AbstractTestNGCucumberTests.runScenario(io.cucumber.testng.PickleWrapper,io.cucumber.testng.FeatureWrapper)[pri:0, instance:runner.HealthInsuranceRunner@37ceb1df]" name="runScenario" class="io.cucumber.testng.AbstractTestNGCucumberTests"/>
      </group> <!-- cucumber -->
    </groups>
    <test started-at="2025-11-12T15:07:55 IST" name="Default test" finished-at="2025-11-12T15:08:44 IST" duration-ms="49360">
      <class name="runner.HealthInsuranceRunner">
        <test-method is-config="true" signature="setUpClass(org.testng.ITestContext)[pri:0, instance:runner.HealthInsuranceRunner@37ceb1df]" started-at="2025-11-12T15:07:55 IST" name="setUpClass" finished-at="2025-11-12T15:07:57 IST" duration-ms="1366" status="PASS">
          <params>
            <param index="0">
              <value>
                <![CDATA[org.testng.TestRunner@9b76b60]]>
              </value>
            </param>
          </params>
          <reporter-output>
          </reporter-output>
        </test-method> <!-- setUpClass -->
        <test-method signature="runScenario(io.cucumber.testng.PickleWrapper,io.cucumber.testng.FeatureWrapper)[pri:0, instance:runner.HealthInsuranceRunner@37ceb1df]" started-at="2025-11-12T15:07:57 IST" name="runScenario" description="Runs Cucumber Scenarios" data-provider="scenarios" finished-at="2025-11-12T15:08:24 IST" duration-ms="27220" status="PASS">
          <params>
            <param index="0">
              <value>
                <![CDATA["TC01: Validate Health Insurance Plan for single person"]]>
              </value>
            </param>
            <param index="1">
              <value>
                <![CDATA["Coverfox Health Insurance Plans"]]>
              </value>
            </param>
          </params>
          <reporter-output>
            <line>
              <![CDATA[setting browser as chrome]]>
            </line>
            <line>
              <![CDATA[closing browser]]>
            </line>
          </reporter-output>
        </test-method> <!-- runScenario -->
        <test-method signature="runScenario(io.cucumber.testng.PickleWrapper,io.cucumber.testng.FeatureWrapper)[pri:0, instance:runner.HealthInsuranceRunner@37ceb1df]" started-at="2025-11-12T15:08:24 IST" name="runScenario" description="Runs Cucumber Scenarios" data-provider="scenarios" finished-at="2025-11-12T15:08:41 IST" duration-ms="17663" status="PASS">
          <params>
            <param index="0">
              <value>
                <![CDATA["TC02: Validate CoverFox Address Details Page"]]>
              </value>
            </param>
            <param index="1">
              <value>
                <![CDATA["Coverfox Health Insurance Plans"]]>
              </value>
            </param>
          </params>
          <reporter-output>
            <line>
              <![CDATA[setting browser as chrome]]>
            </line>
            <line>
              <![CDATA[Pincode error message is: Please enter a valid pincode]]>
            </line>
            <line>
              <![CDATA[Mobile number error message is: Please enter a valid mobile no.]]>
            </line>
            <line>
              <![CDATA[pin error message validation is completed]]>
            </line>
            <line>
              <![CDATA[mobile number error message validation is completed]]>
            </line>
            <line>
              <![CDATA[closing browser]]>
            </line>
          </reporter-output>
        </test-method> <!-- runScenario -->
        <test-method is-config="true" signature="tearDownClass()[pri:0, instance:runner.HealthInsuranceRunner@37ceb1df]" started-at="2025-11-12T15:08:41 IST" name="tearDownClass" finished-at="2025-11-12T15:08:44 IST" duration-ms="2994" status="PASS">
          <reporter-output>
          </reporter-output>
        </test-method> <!-- tearDownClass -->
      </class> <!-- runner.HealthInsuranceRunner -->
    </test> <!-- Default test -->
  </suite> <!-- Default suite -->
</testng-results>
