<?xml version="1.0" encoding="UTF-8"?>
<!-- Generated by org.testng.reporters.JUnitReportReporter -->
<testsuite hostname="DESKTOP-T8A6R7A" failures="0" tests="3" name="assertionStudy.Demo1" time="0.049" errors="0" timestamp="2025-11-01T14:18:46 IST" skipped="0">
  <testcase classname="assertionStudy.Demo1" name="a" time="0.034"/>
  <testcase classname="assertionStudy.Demo1" name="z" time="0.008"/>
  <testcase classname="assertionStudy.Demo1" name="b" time="0.007"/>
</testsuite> <!-- assertionStudy.Demo1 -->
