<?xml version="1.0" encoding="UTF-8"?>
<!-- Generated by org.testng.reporters.JUnitReportReporter -->
<testsuite hostname="DESKTOP-T8A6R7A" failures="1" tests="2" name="runner.HealthInsuranceRunner" time="50.400" errors="0" timestamp="2025-11-07T19:03:28 IST" skipped="0">
  <testcase classname="runner.HealthInsuranceRunner" name="runScenario" time="20.434">
    <system-out>
      <![CDATA[setting browser as chrome
Pincode error message is Please enter a valid pincode
Mobile number error message is Please enter a valid mobile no.
closing browser]]>
    </system-out>
  </testcase> <!-- runScenario -->
  <testcase classname="runner.HealthInsuranceRunner" name="runScenario" time="29.966">
    <failure message="expected [58] but found [48]" type="java.lang.AssertionError">
      <![CDATA[java.lang.AssertionError: expected [58] but found [48]
at org.testng.Assert.fail(Assert.java:111)
at org.testng.Assert.failNotEquals(Assert.java:1590)
at org.testng.Assert.assertEqualsImpl(Assert.java:150)
at org.testng.Assert.assertEquals(Assert.java:132)
at org.testng.Assert.assertEquals(Assert.java:656)
at org.testng.Assert.assertEquals(Assert.java:666)
at stepDefinitions.CoverFoxHealthInsurance.matching_health_insurance_plans_should_be_displayed_as(CoverFoxHealthInsurance.java:90)
at âœ½.Matching Health Insurance Plans should be displayed as "58"(file:///C:/Users/sai/eclipse-workspace/Coverfox_Demo/src/test/resources/coverFoxFeatures/coverfox.feature:9)
]]>
    </failure>
    <system-out>
      <![CDATA[setting browser as chrome
taking screenshot
closing browser]]>
    </system-out>
  </testcase> <!-- runScenario -->
  <system-out>
    <![CDATA[setting browser as chrome
taking screenshot
closing browser
setting browser as chrome
Pincode error message is Please enter a valid pincode
Mobile number error message is Please enter a valid mobile no.
closing browser]]>
  </system-out>
</testsuite> <!-- runner.HealthInsuranceRunner -->
