<?xml version="1.0" encoding="UTF-8"?>
<!-- Generated by org.testng.reporters.JUnitReportReporter -->
<testsuite hostname="DESKTOP-T8A6R7A" failures="0" tests="2" name="assertionStudy.TestNGAnnotations" time="0.043" errors="0" timestamp="2025-11-10T16:41:14 IST" skipped="0">
  <testcase classname="assertionStudy.TestNGAnnotations" name="resultValidation2" time="0.018">
    <system-out>
      <![CDATA[running result validation 2]]>
    </system-out>
  </testcase> <!-- resultValidation2 -->
  <testcase classname="assertionStudy.TestNGAnnotations" name="resultValidation1" time="0.025">
    <system-out>
      <![CDATA[running result validation 1]]>
    </system-out>
  </testcase> <!-- resultValidation1 -->
  <system-out>
    <![CDATA[before suite running
Before test running
providing member details - @BeforeClass
providing pincode and mobile number - (@BeforeMethod)
running result validation 1
clearing browser history - (@AfterMethod)
providing pincode and mobile number - (@BeforeMethod)
running result validation 2
clearing browser history - (@AfterMethod)
after class running
after test running
after suite running]]>
  </system-out>
</testsuite> <!-- assertionStudy.TestNGAnnotations -->
