<?xml version="1.0" encoding="UTF-8"?>
<!-- Generated by org.testng.reporters.JUnitReportReporter -->
<testsuite hostname="DESKTOP-T8A6R7A" failures="0" tests="2" name="runner.HealthInsuranceRunner" time="44.883" errors="0" timestamp="2025-11-12T15:08:45 IST" skipped="0">
  <testcase classname="runner.HealthInsuranceRunner" name="runScenario" time="17.663">
    <system-out>
      <![CDATA[setting browser as chrome
Pincode error message is: Please enter a valid pincode
Mobile number error message is: Please enter a valid mobile no.
pin error message validation is completed
mobile number error message validation is completed
closing browser]]>
    </system-out>
  </testcase> <!-- runScenario -->
  <testcase classname="runner.HealthInsuranceRunner" name="runScenario" time="27.220">
    <system-out>
      <![CDATA[setting browser as chrome
closing browser]]>
    </system-out>
  </testcase> <!-- runScenario -->
  <system-out>
    <![CDATA[setting browser as chrome
closing browser
setting browser as chrome
Pincode error message is: Please enter a valid pincode
Mobile number error message is: Please enter a valid mobile no.
pin error message validation is completed
mobile number error message validation is completed
closing browser]]>
  </system-out>
</testsuite> <!-- runner.HealthInsuranceRunner -->
