<?xml version="1.0" encoding="UTF-8"?>
<!-- Generated by org.testng.reporters.JUnitReportReporter -->
<testsuite hostname="LAPTOP-9SBEJRGM" failures="0" tests="2" name="runner.HealthInsuranceRunner" time="58.222" errors="0" timestamp="2025-11-12T16:09:43 IST" skipped="0">
  <testcase classname="runner.HealthInsuranceRunner" name="runScenario" time="21.747">
    <system-out>
      <![CDATA[setting browser as chrome
Pincode error message is: Please enter a valid pincode
Mobile number error message is: Please enter a valid mobile no.
pin error message validation is completed
mobile number error message validation is completed
closing browser]]>
    </system-out>
  </testcase> <!-- runScenario -->
  <testcase classname="runner.HealthInsuranceRunner" name="runScenario" time="36.475">
    <system-out>
      <![CDATA[setting browser as chrome
closing browser]]>
    </system-out>
  </testcase> <!-- runScenario -->
  <system-out>
    <![CDATA[setting browser as chrome
closing browser
setting browser as chrome
Pincode error message is: Please enter a valid pincode
Mobile number error message is: Please enter a valid mobile no.
pin error message validation is completed
mobile number error message validation is completed
closing browser]]>
  </system-out>
</testsuite> <!-- runner.HealthInsuranceRunner -->
